2020-05-30 11:13:07 - Starting BazarbalaAdminApplication on amitabhs-MacBook-Air.local with PID 2330 (/Users/amitabhsinha/Desktop/projects/bazarbala/target/classes started by amitabhsinha in /Users/amitabhsinha/Desktop/projects/bazarbala)
2020-05-30 11:13:07 - No active profile set, falling back to default profiles: default
2020-05-30 11:13:07 - Devtools property defaults active! Set 'spring.devtools.add-properties' to 'false' to disable
2020-05-30 11:13:07 - For additional web related logging consider setting the 'logging.level.web' property to 'DEBUG'
2020-05-30 11:13:09 - Tomcat initialized with port(s): 8091 (http)
2020-05-30 11:13:09 - Initializing ProtocolHandler ["http-nio-8091"]
2020-05-30 11:13:09 - Starting service [Tomcat]
2020-05-30 11:13:09 - Starting Servlet engine: [Apache Tomcat/9.0.33]
2020-05-30 11:13:09 - Initializing Spring embedded WebApplicationContext
2020-05-30 11:13:09 - Published root WebApplicationContext as ServletContext attribute with name [org.springframework.web.context.WebApplicationContext.ROOT]
2020-05-30 11:13:09 - Published root WebApplicationContext as ServletContext attribute with name [org.springframework.web.context.WebApplicationContext.ROOT]
2020-05-30 11:13:09 - Root WebApplicationContext: initialization completed in 2024 ms
2020-05-30 11:13:09 - Root WebApplicationContext: initialization completed in 2024 ms
2020-05-30 11:13:10 - Initializing ExecutorService 'applicationTaskExecutor'
2020-05-30 11:13:10 - ControllerAdvice beans: 0 @ModelAttribute, 0 @InitBinder, 1 RequestBodyAdvice, 1 ResponseBodyAdvice
2020-05-30 11:13:10 - ControllerAdvice beans: 0 @ModelAttribute, 0 @InitBinder, 1 RequestBodyAdvice, 1 ResponseBodyAdvice
2020-05-30 11:13:10 - 11 mappings in 'requestMappingHandlerMapping'
2020-05-30 11:13:10 - 11 mappings in 'requestMappingHandlerMapping'
2020-05-30 11:13:10 - Adding welcome page: class path resource [static/index.html]
2020-05-30 11:13:10 - Patterns [/webjars/**, /**] in 'resourceHandlerMapping'
2020-05-30 11:13:10 - Patterns [/webjars/**, /**] in 'resourceHandlerMapping'
2020-05-30 11:13:10 - ControllerAdvice beans: 0 @ExceptionHandler, 1 ResponseBodyAdvice
2020-05-30 11:13:10 - ControllerAdvice beans: 0 @ExceptionHandler, 1 ResponseBodyAdvice
2020-05-30 11:13:10 - LiveReload server is running on port 35729
2020-05-30 11:13:10 - Starting ProtocolHandler ["http-nio-8091"]
2020-05-30 11:13:11 - Tomcat started on port(s): 8091 (http) with context path ''
2020-05-30 11:13:11 - Started BazarbalaAdminApplication in 4.422 seconds (JVM running for 6.002)
2020-05-30 11:13:53 - Shutting down ExecutorService 'applicationTaskExecutor'
2020-05-30 11:13:54 - Starting BazarbalaAdminApplication on amitabhs-MacBook-Air.local with PID 2330 (/Users/amitabhsinha/Desktop/projects/bazarbala/target/classes started by amitabhsinha in /Users/amitabhsinha/Desktop/projects/bazarbala)
2020-05-30 11:13:54 - No active profile set, falling back to default profiles: default
2020-05-30 11:13:55 - Tomcat initialized with port(s): 8091 (http)
2020-05-30 11:13:55 - Initializing ProtocolHandler ["http-nio-8091"]
2020-05-30 11:13:55 - Starting service [Tomcat]
2020-05-30 11:13:55 - Starting Servlet engine: [Apache Tomcat/9.0.33]
2020-05-30 11:13:55 - Initializing Spring embedded WebApplicationContext
2020-05-30 11:13:55 - Published root WebApplicationContext as ServletContext attribute with name [org.springframework.web.context.WebApplicationContext.ROOT]
2020-05-30 11:13:55 - Published root WebApplicationContext as ServletContext attribute with name [org.springframework.web.context.WebApplicationContext.ROOT]
2020-05-30 11:13:55 - Root WebApplicationContext: initialization completed in 1379 ms
2020-05-30 11:13:55 - Root WebApplicationContext: initialization completed in 1379 ms
2020-05-30 11:13:56 - Initializing ExecutorService 'applicationTaskExecutor'
2020-05-30 11:13:56 - ControllerAdvice beans: 0 @ModelAttribute, 0 @InitBinder, 1 RequestBodyAdvice, 1 ResponseBodyAdvice
2020-05-30 11:13:56 - ControllerAdvice beans: 0 @ModelAttribute, 0 @InitBinder, 1 RequestBodyAdvice, 1 ResponseBodyAdvice
2020-05-30 11:13:56 - 11 mappings in 'requestMappingHandlerMapping'
2020-05-30 11:13:56 - 11 mappings in 'requestMappingHandlerMapping'
2020-05-30 11:13:56 - Adding welcome page: class path resource [static/index.html]
2020-05-30 11:13:56 - Patterns [/webjars/**, /**] in 'resourceHandlerMapping'
2020-05-30 11:13:56 - Patterns [/webjars/**, /**] in 'resourceHandlerMapping'
2020-05-30 11:13:56 - ControllerAdvice beans: 0 @ExceptionHandler, 1 ResponseBodyAdvice
2020-05-30 11:13:56 - ControllerAdvice beans: 0 @ExceptionHandler, 1 ResponseBodyAdvice
2020-05-30 11:13:56 - LiveReload server is running on port 35729
2020-05-30 11:13:56 - Starting ProtocolHandler ["http-nio-8091"]
2020-05-30 11:13:56 - Tomcat started on port(s): 8091 (http) with context path ''
2020-05-30 11:13:56 - Started BazarbalaAdminApplication in 2.433 seconds (JVM running for 51.48)
2020-05-30 11:13:56 - Condition evaluation unchanged
2020-05-30 11:15:00 - Initializing Spring DispatcherServlet 'dispatcherServlet'
2020-05-30 11:15:00 - Initializing Servlet 'dispatcherServlet'
2020-05-30 11:15:00 - Initializing Servlet 'dispatcherServlet'
2020-05-30 11:15:00 - Detected StandardServletMultipartResolver
2020-05-30 11:15:00 - Detected StandardServletMultipartResolver
2020-05-30 11:15:00 - enableLoggingRequestDetails='false': request parameters and headers will be masked to prevent unsafe logging of potentially sensitive data
2020-05-30 11:15:00 - enableLoggingRequestDetails='false': request parameters and headers will be masked to prevent unsafe logging of potentially sensitive data
2020-05-30 11:15:00 - Completed initialization in 24 ms
2020-05-30 11:15:00 - Completed initialization in 24 ms
2020-05-30 11:15:00 - GET "/start/", parameters={}
2020-05-30 11:15:00 - GET "/start/", parameters={}
2020-05-30 11:15:00 - Mapped to ResourceHttpRequestHandler ["classpath:/META-INF/resources/", "classpath:/resources/", "classpath:/static/", "classpath:/public/", "/"]
2020-05-30 11:15:00 - Mapped to ResourceHttpRequestHandler ["classpath:/META-INF/resources/", "classpath:/resources/", "classpath:/static/", "classpath:/public/", "/"]
2020-05-30 11:15:00 - Resource not found
2020-05-30 11:15:00 - Resource not found
2020-05-30 11:15:00 - Completed 404 NOT_FOUND
2020-05-30 11:15:00 - Completed 404 NOT_FOUND
2020-05-30 11:15:00 - "ERROR" dispatch for GET "/error", parameters={}
2020-05-30 11:15:00 - "ERROR" dispatch for GET "/error", parameters={}
2020-05-30 11:15:00 - Mapped to org.springframework.boot.autoconfigure.web.servlet.error.BasicErrorController#errorHtml(HttpServletRequest, HttpServletResponse)
2020-05-30 11:15:00 - Mapped to org.springframework.boot.autoconfigure.web.servlet.error.BasicErrorController#errorHtml(HttpServletRequest, HttpServletResponse)
2020-05-30 11:15:00 - Selected 'text/html' given [text/html, text/html;q=0.8]
2020-05-30 11:15:00 - Selected 'text/html' given [text/html, text/html;q=0.8]
2020-05-30 11:15:00 - Exiting from "ERROR" dispatch, status 404
2020-05-30 11:15:00 - Exiting from "ERROR" dispatch, status 404
2020-05-30 11:15:01 - GET "/favicon.ico", parameters={}
2020-05-30 11:15:01 - GET "/favicon.ico", parameters={}
2020-05-30 11:15:01 - Mapped to ResourceHttpRequestHandler ["classpath:/META-INF/resources/", "classpath:/resources/", "classpath:/static/", "classpath:/public/", "/"]
2020-05-30 11:15:01 - Mapped to ResourceHttpRequestHandler ["classpath:/META-INF/resources/", "classpath:/resources/", "classpath:/static/", "classpath:/public/", "/"]
2020-05-30 11:15:01 - Resource not found
2020-05-30 11:15:01 - Resource not found
2020-05-30 11:15:01 - Completed 404 NOT_FOUND
2020-05-30 11:15:01 - Completed 404 NOT_FOUND
2020-05-30 11:15:01 - "ERROR" dispatch for GET "/error", parameters={}
2020-05-30 11:15:01 - "ERROR" dispatch for GET "/error", parameters={}
2020-05-30 11:15:01 - Mapped to org.springframework.boot.autoconfigure.web.servlet.error.BasicErrorController#error(HttpServletRequest)
2020-05-30 11:15:01 - Mapped to org.springframework.boot.autoconfigure.web.servlet.error.BasicErrorController#error(HttpServletRequest)
2020-05-30 11:15:01 - Using 'application/json;q=0.8', given [image/webp, image/apng, image/*, */*;q=0.8] and supported [application/json, application/*+json, application/json, application/*+json]
2020-05-30 11:15:01 - Using 'application/json;q=0.8', given [image/webp, image/apng, image/*, */*;q=0.8] and supported [application/json, application/*+json, application/json, application/*+json]
2020-05-30 11:15:01 - Writing [{timestamp=Sat May 30 11:15:01 PDT 2020, status=404, error=Not Found, message=No message available,  (truncated)...]
2020-05-30 11:15:01 - Writing [{timestamp=Sat May 30 11:15:01 PDT 2020, status=404, error=Not Found, message=No message available,  (truncated)...]
2020-05-30 11:15:01 - Exiting from "ERROR" dispatch, status 404
2020-05-30 11:15:01 - Exiting from "ERROR" dispatch, status 404
2020-05-30 11:15:06 - GET "/start/page", parameters={}
2020-05-30 11:15:06 - GET "/start/page", parameters={}
2020-05-30 11:15:06 - Mapped to ResourceHttpRequestHandler ["classpath:/META-INF/resources/", "classpath:/resources/", "classpath:/static/", "classpath:/public/", "/"]
2020-05-30 11:15:06 - Mapped to ResourceHttpRequestHandler ["classpath:/META-INF/resources/", "classpath:/resources/", "classpath:/static/", "classpath:/public/", "/"]
2020-05-30 11:15:06 - Resource not found
2020-05-30 11:15:06 - Resource not found
2020-05-30 11:15:06 - Completed 404 NOT_FOUND
2020-05-30 11:15:06 - Completed 404 NOT_FOUND
2020-05-30 11:15:06 - "ERROR" dispatch for GET "/error", parameters={}
2020-05-30 11:15:06 - "ERROR" dispatch for GET "/error", parameters={}
2020-05-30 11:15:06 - Mapped to org.springframework.boot.autoconfigure.web.servlet.error.BasicErrorController#errorHtml(HttpServletRequest, HttpServletResponse)
2020-05-30 11:15:06 - Mapped to org.springframework.boot.autoconfigure.web.servlet.error.BasicErrorController#errorHtml(HttpServletRequest, HttpServletResponse)
2020-05-30 11:15:06 - Selected 'text/html' given [text/html, text/html;q=0.8]
2020-05-30 11:15:06 - Selected 'text/html' given [text/html, text/html;q=0.8]
2020-05-30 11:15:06 - Exiting from "ERROR" dispatch, status 404
2020-05-30 11:15:06 - Exiting from "ERROR" dispatch, status 404
2020-05-30 11:15:18 - GET "/startpage", parameters={}
2020-05-30 11:15:18 - GET "/startpage", parameters={}
2020-05-30 11:15:18 - Mapped to ResourceHttpRequestHandler ["classpath:/META-INF/resources/", "classpath:/resources/", "classpath:/static/", "classpath:/public/", "/"]
2020-05-30 11:15:18 - Mapped to ResourceHttpRequestHandler ["classpath:/META-INF/resources/", "classpath:/resources/", "classpath:/static/", "classpath:/public/", "/"]
2020-05-30 11:15:18 - Resource not found
2020-05-30 11:15:18 - Resource not found
2020-05-30 11:15:18 - Completed 404 NOT_FOUND
2020-05-30 11:15:18 - Completed 404 NOT_FOUND
2020-05-30 11:15:18 - "ERROR" dispatch for GET "/error", parameters={}
2020-05-30 11:15:18 - "ERROR" dispatch for GET "/error", parameters={}
2020-05-30 11:15:18 - Mapped to org.springframework.boot.autoconfigure.web.servlet.error.BasicErrorController#errorHtml(HttpServletRequest, HttpServletResponse)
2020-05-30 11:15:18 - Mapped to org.springframework.boot.autoconfigure.web.servlet.error.BasicErrorController#errorHtml(HttpServletRequest, HttpServletResponse)
2020-05-30 11:15:18 - Selected 'text/html' given [text/html, text/html;q=0.8]
2020-05-30 11:15:18 - Selected 'text/html' given [text/html, text/html;q=0.8]
2020-05-30 11:15:18 - Exiting from "ERROR" dispatch, status 404
2020-05-30 11:15:18 - Exiting from "ERROR" dispatch, status 404
2020-05-30 11:15:29 - GET "/startPage", parameters={}
2020-05-30 11:15:29 - GET "/startPage", parameters={}
2020-05-30 11:15:29 - Mapped to com.bzbala.ad.bazarbala.controller.MyController#sendForm2(Start)
2020-05-30 11:15:29 - Mapped to com.bzbala.ad.bazarbala.controller.MyController#sendForm2(Start)
2020-05-30 11:15:29 - Selected 'text/html' given [text/html, application/xhtml+xml, image/webp, image/apng, application/xml;q=0.9, application/signed-exchange;v=b3;q=0.9, */*;q=0.8]
2020-05-30 11:15:29 - Selected 'text/html' given [text/html, application/xhtml+xml, image/webp, image/apng, application/xml;q=0.9, application/signed-exchange;v=b3;q=0.9, */*;q=0.8]
2020-05-30 11:15:30 - Completed 200 OK
2020-05-30 11:15:30 - Completed 200 OK
2020-05-30 11:15:30 - GET "/css/s_bootstrap.min.css", parameters={}
2020-05-30 11:15:30 - GET "/css/s_bootstrap.min.css", parameters={}
2020-05-30 11:15:30 - Mapped to ResourceHttpRequestHandler ["classpath:/META-INF/resources/", "classpath:/resources/", "classpath:/static/", "classpath:/public/", "/"]
2020-05-30 11:15:30 - Mapped to ResourceHttpRequestHandler ["classpath:/META-INF/resources/", "classpath:/resources/", "classpath:/static/", "classpath:/public/", "/"]
2020-05-30 11:15:30 - GET "/css/style.css", parameters={}
2020-05-30 11:15:30 - GET "/css/style.css", parameters={}
2020-05-30 11:15:30 - Mapped to ResourceHttpRequestHandler ["classpath:/META-INF/resources/", "classpath:/resources/", "classpath:/static/", "classpath:/public/", "/"]
2020-05-30 11:15:30 - Mapped to ResourceHttpRequestHandler ["classpath:/META-INF/resources/", "classpath:/resources/", "classpath:/static/", "classpath:/public/", "/"]
2020-05-30 11:15:30 - Completed 200 OK
2020-05-30 11:15:30 - Completed 200 OK
2020-05-30 11:15:30 - Completed 200 OK
2020-05-30 11:15:30 - Completed 200 OK
2020-05-30 11:15:30 - GET "/img/ipad-hand.png", parameters={}
2020-05-30 11:15:30 - GET "/img/ipad-hand.png", parameters={}
2020-05-30 11:15:30 - Mapped to ResourceHttpRequestHandler ["classpath:/META-INF/resources/", "classpath:/resources/", "classpath:/static/", "classpath:/public/", "/"]
2020-05-30 11:15:30 - Mapped to ResourceHttpRequestHandler ["classpath:/META-INF/resources/", "classpath:/resources/", "classpath:/static/", "classpath:/public/", "/"]
2020-05-30 11:15:30 - Completed 200 OK
2020-05-30 11:15:30 - Completed 200 OK
2020-05-30 11:16:07 - GET "/user/createUser", parameters={}
2020-05-30 11:16:07 - GET "/user/createUser", parameters={}
2020-05-30 11:16:07 - Mapped to com.bzbala.ad.bazarbala.controller.UserRegistratationController#getUser(CreateBusinessUserDTO)
2020-05-30 11:16:07 - Mapped to com.bzbala.ad.bazarbala.controller.UserRegistratationController#getUser(CreateBusinessUserDTO)
2020-05-30 11:16:07 - Selected 'text/html' given [text/html, application/xhtml+xml, image/webp, image/apng, application/xml;q=0.9, application/signed-exchange;v=b3;q=0.9, */*;q=0.8]
2020-05-30 11:16:07 - Selected 'text/html' given [text/html, application/xhtml+xml, image/webp, image/apng, application/xml;q=0.9, application/signed-exchange;v=b3;q=0.9, */*;q=0.8]
2020-05-30 11:16:08 - Completed 200 OK
2020-05-30 11:16:08 - Completed 200 OK
2020-05-30 11:16:08 - GET "/css/homepage_style.css", parameters={}
2020-05-30 11:16:08 - GET "/css/homepage_style.css", parameters={}
2020-05-30 11:16:08 - Mapped to ResourceHttpRequestHandler ["classpath:/META-INF/resources/", "classpath:/resources/", "classpath:/static/", "classpath:/public/", "/"]
2020-05-30 11:16:08 - Mapped to ResourceHttpRequestHandler ["classpath:/META-INF/resources/", "classpath:/resources/", "classpath:/static/", "classpath:/public/", "/"]
2020-05-30 11:16:08 - Completed 200 OK
2020-05-30 11:16:08 - Completed 200 OK
2020-05-30 11:31:32 - Application shutdown requested.
2020-05-30 11:31:32 - Shutting down ExecutorService 'applicationTaskExecutor'
2020-05-30 11:32:52 - Starting BazarbalaAdminApplication on amitabhs-MacBook-Air.local with PID 2963 (/Users/amitabhsinha/Desktop/projects/bazarbala/target/classes started by amitabhsinha in /Users/amitabhsinha/Desktop/projects/bazarbala)
2020-05-30 11:32:52 - No active profile set, falling back to default profiles: default
2020-05-30 11:32:53 - Devtools property defaults active! Set 'spring.devtools.add-properties' to 'false' to disable
2020-05-30 11:32:53 - For additional web related logging consider setting the 'logging.level.web' property to 'DEBUG'
2020-05-30 11:32:54 - Tomcat initialized with port(s): 8091 (http)
2020-05-30 11:32:54 - Initializing ProtocolHandler ["http-nio-8091"]
2020-05-30 11:32:54 - Starting service [Tomcat]
2020-05-30 11:32:54 - Starting Servlet engine: [Apache Tomcat/9.0.33]
2020-05-30 11:32:54 - Initializing Spring embedded WebApplicationContext
2020-05-30 11:32:54 - Published root WebApplicationContext as ServletContext attribute with name [org.springframework.web.context.WebApplicationContext.ROOT]
2020-05-30 11:32:54 - Published root WebApplicationContext as ServletContext attribute with name [org.springframework.web.context.WebApplicationContext.ROOT]
2020-05-30 11:32:54 - Root WebApplicationContext: initialization completed in 1793 ms
2020-05-30 11:32:54 - Root WebApplicationContext: initialization completed in 1793 ms
2020-05-30 11:32:55 - Initializing ExecutorService 'applicationTaskExecutor'
2020-05-30 11:32:55 - ControllerAdvice beans: 0 @ModelAttribute, 0 @InitBinder, 1 RequestBodyAdvice, 1 ResponseBodyAdvice
2020-05-30 11:32:55 - ControllerAdvice beans: 0 @ModelAttribute, 0 @InitBinder, 1 RequestBodyAdvice, 1 ResponseBodyAdvice
2020-05-30 11:32:55 - 11 mappings in 'requestMappingHandlerMapping'
2020-05-30 11:32:55 - 11 mappings in 'requestMappingHandlerMapping'
2020-05-30 11:32:55 - Adding welcome page: class path resource [static/index.html]
2020-05-30 11:32:55 - Patterns [/webjars/**, /**] in 'resourceHandlerMapping'
2020-05-30 11:32:55 - Patterns [/webjars/**, /**] in 'resourceHandlerMapping'
2020-05-30 11:32:55 - ControllerAdvice beans: 0 @ExceptionHandler, 1 ResponseBodyAdvice
2020-05-30 11:32:55 - ControllerAdvice beans: 0 @ExceptionHandler, 1 ResponseBodyAdvice
2020-05-30 11:32:55 - LiveReload server is running on port 35729
2020-05-30 11:32:55 - Starting ProtocolHandler ["http-nio-8091"]
2020-05-30 11:32:55 - Tomcat started on port(s): 8091 (http) with context path ''
2020-05-30 11:32:55 - Started BazarbalaAdminApplication in 3.456 seconds (JVM running for 5.589)
2020-05-30 11:34:37 - Initializing Spring DispatcherServlet 'dispatcherServlet'
2020-05-30 11:34:37 - Initializing Servlet 'dispatcherServlet'
2020-05-30 11:34:37 - Initializing Servlet 'dispatcherServlet'
2020-05-30 11:34:37 - Detected StandardServletMultipartResolver
2020-05-30 11:34:37 - Detected StandardServletMultipartResolver
2020-05-30 11:34:37 - enableLoggingRequestDetails='false': request parameters and headers will be masked to prevent unsafe logging of potentially sensitive data
2020-05-30 11:34:37 - enableLoggingRequestDetails='false': request parameters and headers will be masked to prevent unsafe logging of potentially sensitive data
2020-05-30 11:34:37 - Completed initialization in 61 ms
2020-05-30 11:34:37 - Completed initialization in 61 ms
2020-05-30 11:34:37 - GET "/user/createUser", parameters={}
2020-05-30 11:34:37 - GET "/user/createUser", parameters={}
2020-05-30 11:34:37 - Mapped to com.bzbala.ad.bazarbala.controller.UserRegistratationController#getUser(CreateBusinessUserDTO)
2020-05-30 11:34:37 - Mapped to com.bzbala.ad.bazarbala.controller.UserRegistratationController#getUser(CreateBusinessUserDTO)
2020-05-30 11:34:37 - Selected 'text/html' given [text/html, application/xhtml+xml, image/webp, image/apng, application/xml;q=0.9, application/signed-exchange;v=b3;q=0.9, */*;q=0.8]
2020-05-30 11:34:37 - Selected 'text/html' given [text/html, application/xhtml+xml, image/webp, image/apng, application/xml;q=0.9, application/signed-exchange;v=b3;q=0.9, */*;q=0.8]
2020-05-30 11:34:39 - Completed 200 OK
2020-05-30 11:34:39 - Completed 200 OK
2020-05-30 11:34:39 - GET "/css/homepage_style.css", parameters={}
2020-05-30 11:34:39 - GET "/css/homepage_style.css", parameters={}
2020-05-30 11:34:39 - Mapped to ResourceHttpRequestHandler ["classpath:/META-INF/resources/", "classpath:/resources/", "classpath:/static/", "classpath:/public/", "/"]
2020-05-30 11:34:39 - Mapped to ResourceHttpRequestHandler ["classpath:/META-INF/resources/", "classpath:/resources/", "classpath:/static/", "classpath:/public/", "/"]
2020-05-30 11:34:39 - Completed 200 OK
2020-05-30 11:34:39 - Completed 200 OK
2020-05-30 11:35:23 - POST "/user/createUser", parameters={masked}
2020-05-30 11:35:23 - POST "/user/createUser", parameters={masked}
2020-05-30 11:35:23 - Mapped to com.bzbala.ad.bazarbala.controller.UserRegistratationController#createUser(CreateBusinessUserDTO)
2020-05-30 11:35:23 - Mapped to com.bzbala.ad.bazarbala.controller.UserRegistratationController#createUser(CreateBusinessUserDTO)
2020-05-30 11:35:23 - HikariPool-1 - Starting...
2020-05-30 11:35:25 - HikariPool-1 - Exception during pool initialization.
java.sql.SQLException: Access denied for user 'root'@'localhost' (using password: YES)
	at com.mysql.jdbc.SQLError.createSQLException(SQLError.java:964)
	at com.mysql.jdbc.MysqlIO.checkErrorPacket(MysqlIO.java:3973)
	at com.mysql.jdbc.MysqlIO.checkErrorPacket(MysqlIO.java:3909)
	at com.mysql.jdbc.MysqlIO.checkErrorPacket(MysqlIO.java:873)
	at com.mysql.jdbc.MysqlIO.proceedHandshakeWithPluggableAuthentication(MysqlIO.java:1710)
	at com.mysql.jdbc.MysqlIO.doHandshake(MysqlIO.java:1226)
	at com.mysql.jdbc.ConnectionImpl.coreConnect(ConnectionImpl.java:2191)
	at com.mysql.jdbc.ConnectionImpl.connectOneTryOnly(ConnectionImpl.java:2222)
	at com.mysql.jdbc.ConnectionImpl.createNewIO(ConnectionImpl.java:2017)
	at com.mysql.jdbc.ConnectionImpl.<init>(ConnectionImpl.java:779)
	at com.mysql.jdbc.JDBC4Connection.<init>(JDBC4Connection.java:47)
	at sun.reflect.NativeConstructorAccessorImpl.newInstance0(Native Method)
	at sun.reflect.NativeConstructorAccessorImpl.newInstance(NativeConstructorAccessorImpl.java:62)
	at sun.reflect.DelegatingConstructorAccessorImpl.newInstance(DelegatingConstructorAccessorImpl.java:45)
	at java.lang.reflect.Constructor.newInstance(Constructor.java:423)
	at com.mysql.jdbc.Util.handleNewInstance(Util.java:425)
	at com.mysql.jdbc.ConnectionImpl.getInstance(ConnectionImpl.java:389)
	at com.mysql.jdbc.NonRegisteringDriver.connect(NonRegisteringDriver.java:330)
	at com.zaxxer.hikari.util.DriverDataSource.getConnection(DriverDataSource.java:138)
	at com.zaxxer.hikari.pool.PoolBase.newConnection(PoolBase.java:354)
	at com.zaxxer.hikari.pool.PoolBase.newPoolEntry(PoolBase.java:202)
	at com.zaxxer.hikari.pool.HikariPool.createPoolEntry(HikariPool.java:473)
	at com.zaxxer.hikari.pool.HikariPool.checkFailFast(HikariPool.java:554)
	at com.zaxxer.hikari.pool.HikariPool.<init>(HikariPool.java:115)
	at com.zaxxer.hikari.HikariDataSource.getConnection(HikariDataSource.java:112)
	at com.bzbala.ad.bazarbala.dao.DBServices.creteBusinessUser(DBServices.java:39)
	at com.bzbala.ad.bazarbala.dao.DBServices$$FastClassBySpringCGLIB$$94cef75c.invoke(<generated>)
	at org.springframework.cglib.proxy.MethodProxy.invoke(MethodProxy.java:218)
	at org.springframework.aop.framework.CglibAopProxy$CglibMethodInvocation.invokeJoinpoint(CglibAopProxy.java:771)
	at org.springframework.aop.framework.ReflectiveMethodInvocation.proceed(ReflectiveMethodInvocation.java:163)
	at org.springframework.aop.framework.CglibAopProxy$CglibMethodInvocation.proceed(CglibAopProxy.java:749)
	at org.springframework.dao.support.PersistenceExceptionTranslationInterceptor.invoke(PersistenceExceptionTranslationInterceptor.java:139)
	at org.springframework.aop.framework.ReflectiveMethodInvocation.proceed(ReflectiveMethodInvocation.java:186)
	at org.springframework.aop.framework.CglibAopProxy$CglibMethodInvocation.proceed(CglibAopProxy.java:749)
	at org.springframework.aop.framework.CglibAopProxy$DynamicAdvisedInterceptor.intercept(CglibAopProxy.java:691)
	at com.bzbala.ad.bazarbala.dao.DBServices$$EnhancerBySpringCGLIB$$70fc6bb7.creteBusinessUser(<generated>)
	at com.bzbala.ad.bazarbala.services.AdminServicesImpl.creteBusinessUser(AdminServicesImpl.java:35)
	at com.bzbala.ad.bazarbala.controller.UserRegistratationController.createUser(UserRegistratationController.java:37)
	at sun.reflect.NativeMethodAccessorImpl.invoke0(Native Method)
	at sun.reflect.NativeMethodAccessorImpl.invoke(NativeMethodAccessorImpl.java:62)
	at sun.reflect.DelegatingMethodAccessorImpl.invoke(DelegatingMethodAccessorImpl.java:43)
	at java.lang.reflect.Method.invoke(Method.java:498)
	at org.springframework.web.method.support.InvocableHandlerMethod.doInvoke(InvocableHandlerMethod.java:190)
	at org.springframework.web.method.support.InvocableHandlerMethod.invokeForRequest(InvocableHandlerMethod.java:138)
	at org.springframework.web.servlet.mvc.method.annotation.ServletInvocableHandlerMethod.invokeAndHandle(ServletInvocableHandlerMethod.java:105)
	at org.springframework.web.servlet.mvc.method.annotation.RequestMappingHandlerAdapter.invokeHandlerMethod(RequestMappingHandlerAdapter.java:879)
	at org.springframework.web.servlet.mvc.method.annotation.RequestMappingHandlerAdapter.handleInternal(RequestMappingHandlerAdapter.java:793)
	at org.springframework.web.servlet.mvc.method.AbstractHandlerMethodAdapter.handle(AbstractHandlerMethodAdapter.java:87)
	at org.springframework.web.servlet.DispatcherServlet.doDispatch(DispatcherServlet.java:1040)
	at org.springframework.web.servlet.DispatcherServlet.doService(DispatcherServlet.java:943)
	at org.springframework.web.servlet.FrameworkServlet.processRequest(FrameworkServlet.java:1006)
	at org.springframework.web.servlet.FrameworkServlet.doPost(FrameworkServlet.java:909)
	at javax.servlet.http.HttpServlet.service(HttpServlet.java:660)
	at org.springframework.web.servlet.FrameworkServlet.service(FrameworkServlet.java:883)
	at javax.servlet.http.HttpServlet.service(HttpServlet.java:741)
	at org.apache.catalina.core.ApplicationFilterChain.internalDoFilter(ApplicationFilterChain.java:231)
	at org.apache.catalina.core.ApplicationFilterChain.doFilter(ApplicationFilterChain.java:166)
	at org.apache.tomcat.websocket.server.WsFilter.doFilter(WsFilter.java:53)
	at org.apache.catalina.core.ApplicationFilterChain.internalDoFilter(ApplicationFilterChain.java:193)
	at org.apache.catalina.core.ApplicationFilterChain.doFilter(ApplicationFilterChain.java:166)
	at org.springframework.web.filter.RequestContextFilter.doFilterInternal(RequestContextFilter.java:100)
	at org.springframework.web.filter.OncePerRequestFilter.doFilter(OncePerRequestFilter.java:119)
	at org.apache.catalina.core.ApplicationFilterChain.internalDoFilter(ApplicationFilterChain.java:193)
	at org.apache.catalina.core.ApplicationFilterChain.doFilter(ApplicationFilterChain.java:166)
	at org.springframework.web.filter.FormContentFilter.doFilterInternal(FormContentFilter.java:93)
	at org.springframework.web.filter.OncePerRequestFilter.doFilter(OncePerRequestFilter.java:119)
	at org.apache.catalina.core.ApplicationFilterChain.internalDoFilter(ApplicationFilterChain.java:193)
	at org.apache.catalina.core.ApplicationFilterChain.doFilter(ApplicationFilterChain.java:166)
	at org.springframework.web.filter.CharacterEncodingFilter.doFilterInternal(CharacterEncodingFilter.java:201)
	at org.springframework.web.filter.OncePerRequestFilter.doFilter(OncePerRequestFilter.java:119)
	at org.apache.catalina.core.ApplicationFilterChain.internalDoFilter(ApplicationFilterChain.java:193)
	at org.apache.catalina.core.ApplicationFilterChain.doFilter(ApplicationFilterChain.java:166)
	at org.apache.catalina.core.StandardWrapperValve.invoke(StandardWrapperValve.java:202)
	at org.apache.catalina.core.StandardContextValve.invoke(StandardContextValve.java:96)
	at org.apache.catalina.authenticator.AuthenticatorBase.invoke(AuthenticatorBase.java:541)
	at org.apache.catalina.core.StandardHostValve.invoke(StandardHostValve.java:139)
	at org.apache.catalina.valves.ErrorReportValve.invoke(ErrorReportValve.java:92)
	at org.apache.catalina.core.StandardEngineValve.invoke(StandardEngineValve.java:74)
	at org.apache.catalina.connector.CoyoteAdapter.service(CoyoteAdapter.java:343)
	at org.apache.coyote.http11.Http11Processor.service(Http11Processor.java:373)
	at org.apache.coyote.AbstractProcessorLight.process(AbstractProcessorLight.java:65)
	at org.apache.coyote.AbstractProtocol$ConnectionHandler.process(AbstractProtocol.java:868)
	at org.apache.tomcat.util.net.NioEndpoint$SocketProcessor.doRun(NioEndpoint.java:1594)
	at org.apache.tomcat.util.net.SocketProcessorBase.run(SocketProcessorBase.java:49)
	at java.util.concurrent.ThreadPoolExecutor.runWorker(ThreadPoolExecutor.java:1149)
	at java.util.concurrent.ThreadPoolExecutor$Worker.run(ThreadPoolExecutor.java:624)
	at org.apache.tomcat.util.threads.TaskThread$WrappingRunnable.run(TaskThread.java:61)
	at java.lang.Thread.run(Thread.java:748)
2020-05-30 11:35:25 - Error while adding the Customer java.sql.SQLException: Access denied for user 'root'@'localhost' (using password: YES)
2020-05-30 11:35:25 - SOMETHING WENT WRONG IN BACKEND CALL
2020-05-30 11:35:25 - View remains unresolved given [application/json;q=0.8]
2020-05-30 11:35:25 - View remains unresolved given [application/json;q=0.8]
2020-05-30 11:35:25 - Completed 200 OK
2020-05-30 11:35:25 - Completed 200 OK
2020-05-30 11:42:08 - Shutting down ExecutorService 'applicationTaskExecutor'
2020-05-30 11:42:09 - Starting BazarbalaAdminApplication on amitabhs-MacBook-Air.local with PID 2963 (/Users/amitabhsinha/Desktop/projects/bazarbala/target/classes started by amitabhsinha in /Users/amitabhsinha/Desktop/projects/bazarbala)
2020-05-30 11:42:09 - No active profile set, falling back to default profiles: default
2020-05-30 11:42:11 - Tomcat initialized with port(s): 8091 (http)
2020-05-30 11:42:11 - Initializing ProtocolHandler ["http-nio-8091"]
2020-05-30 11:42:11 - Starting service [Tomcat]
2020-05-30 11:42:11 - Starting Servlet engine: [Apache Tomcat/9.0.33]
2020-05-30 11:42:11 - Initializing Spring embedded WebApplicationContext
2020-05-30 11:42:11 - Published root WebApplicationContext as ServletContext attribute with name [org.springframework.web.context.WebApplicationContext.ROOT]
2020-05-30 11:42:11 - Published root WebApplicationContext as ServletContext attribute with name [org.springframework.web.context.WebApplicationContext.ROOT]
2020-05-30 11:42:11 - Root WebApplicationContext: initialization completed in 1842 ms
2020-05-30 11:42:11 - Root WebApplicationContext: initialization completed in 1842 ms
2020-05-30 11:42:12 - Initializing ExecutorService 'applicationTaskExecutor'
2020-05-30 11:42:12 - ControllerAdvice beans: 0 @ModelAttribute, 0 @InitBinder, 1 RequestBodyAdvice, 1 ResponseBodyAdvice
2020-05-30 11:42:12 - ControllerAdvice beans: 0 @ModelAttribute, 0 @InitBinder, 1 RequestBodyAdvice, 1 ResponseBodyAdvice
2020-05-30 11:42:12 - 11 mappings in 'requestMappingHandlerMapping'
2020-05-30 11:42:12 - 11 mappings in 'requestMappingHandlerMapping'
2020-05-30 11:42:12 - Adding welcome page: class path resource [static/index.html]
2020-05-30 11:42:12 - Patterns [/webjars/**, /**] in 'resourceHandlerMapping'
2020-05-30 11:42:12 - Patterns [/webjars/**, /**] in 'resourceHandlerMapping'
2020-05-30 11:42:12 - ControllerAdvice beans: 0 @ExceptionHandler, 1 ResponseBodyAdvice
2020-05-30 11:42:12 - ControllerAdvice beans: 0 @ExceptionHandler, 1 ResponseBodyAdvice
2020-05-30 11:42:12 - LiveReload server is running on port 35729
2020-05-30 11:42:12 - Starting ProtocolHandler ["http-nio-8091"]
2020-05-30 11:42:12 - Tomcat started on port(s): 8091 (http) with context path ''
2020-05-30 11:42:12 - Started BazarbalaAdminApplication in 3.048 seconds (JVM running for 562.434)
2020-05-30 11:42:12 - Condition evaluation unchanged
2020-05-30 11:42:28 - Initializing Spring DispatcherServlet 'dispatcherServlet'
2020-05-30 11:42:28 - Initializing Servlet 'dispatcherServlet'
2020-05-30 11:42:28 - Initializing Servlet 'dispatcherServlet'
2020-05-30 11:42:28 - Detected StandardServletMultipartResolver
2020-05-30 11:42:28 - Detected StandardServletMultipartResolver
2020-05-30 11:42:28 - enableLoggingRequestDetails='false': request parameters and headers will be masked to prevent unsafe logging of potentially sensitive data
2020-05-30 11:42:28 - enableLoggingRequestDetails='false': request parameters and headers will be masked to prevent unsafe logging of potentially sensitive data
2020-05-30 11:42:28 - Completed initialization in 14 ms
2020-05-30 11:42:28 - Completed initialization in 14 ms
2020-05-30 11:42:28 - GET "/user/createUser", parameters={}
2020-05-30 11:42:28 - GET "/user/createUser", parameters={}
2020-05-30 11:42:28 - Mapped to com.bzbala.ad.bazarbala.controller.UserRegistratationController#getUser(CreateBusinessUserDTO)
2020-05-30 11:42:28 - Mapped to com.bzbala.ad.bazarbala.controller.UserRegistratationController#getUser(CreateBusinessUserDTO)
2020-05-30 11:42:28 - Selected 'text/html' given [text/html, application/xhtml+xml, image/webp, image/apng, application/xml;q=0.9, application/signed-exchange;v=b3;q=0.9, */*;q=0.8]
2020-05-30 11:42:28 - Selected 'text/html' given [text/html, application/xhtml+xml, image/webp, image/apng, application/xml;q=0.9, application/signed-exchange;v=b3;q=0.9, */*;q=0.8]
2020-05-30 11:42:28 - Completed 200 OK
2020-05-30 11:42:28 - Completed 200 OK
2020-05-30 11:42:28 - GET "/css/homepage_style.css", parameters={}
2020-05-30 11:42:28 - GET "/css/homepage_style.css", parameters={}
2020-05-30 11:42:28 - Mapped to ResourceHttpRequestHandler ["classpath:/META-INF/resources/", "classpath:/resources/", "classpath:/static/", "classpath:/public/", "/"]
2020-05-30 11:42:28 - Mapped to ResourceHttpRequestHandler ["classpath:/META-INF/resources/", "classpath:/resources/", "classpath:/static/", "classpath:/public/", "/"]
2020-05-30 11:42:28 - Completed 200 OK
2020-05-30 11:42:28 - Completed 200 OK
2020-05-30 11:42:32 - POST "/user/createUser", parameters={masked}
2020-05-30 11:42:32 - POST "/user/createUser", parameters={masked}
2020-05-30 11:42:32 - Mapped to com.bzbala.ad.bazarbala.controller.UserRegistratationController#createUser(CreateBusinessUserDTO)
2020-05-30 11:42:32 - Mapped to com.bzbala.ad.bazarbala.controller.UserRegistratationController#createUser(CreateBusinessUserDTO)
2020-05-30 11:42:32 - HikariPool-2 - Starting...
2020-05-30 11:42:33 - HikariPool-2 - Exception during pool initialization.
com.mysql.jdbc.exceptions.jdbc4.MySQLSyntaxErrorException: Access denied for user 'myhome'@'%' to database 'bazarbala'
	at sun.reflect.NativeConstructorAccessorImpl.newInstance0(Native Method)
	at sun.reflect.NativeConstructorAccessorImpl.newInstance(NativeConstructorAccessorImpl.java:62)
	at sun.reflect.DelegatingConstructorAccessorImpl.newInstance(DelegatingConstructorAccessorImpl.java:45)
	at java.lang.reflect.Constructor.newInstance(Constructor.java:423)
	at com.mysql.jdbc.Util.handleNewInstance(Util.java:425)
	at com.mysql.jdbc.Util.getInstance(Util.java:408)
	at com.mysql.jdbc.SQLError.createSQLException(SQLError.java:943)
	at com.mysql.jdbc.MysqlIO.checkErrorPacket(MysqlIO.java:3973)
	at com.mysql.jdbc.MysqlIO.checkErrorPacket(MysqlIO.java:3909)
	at com.mysql.jdbc.MysqlIO.checkErrorPacket(MysqlIO.java:873)
	at com.mysql.jdbc.MysqlIO.proceedHandshakeWithPluggableAuthentication(MysqlIO.java:1710)
	at com.mysql.jdbc.MysqlIO.doHandshake(MysqlIO.java:1226)
	at com.mysql.jdbc.ConnectionImpl.coreConnect(ConnectionImpl.java:2191)
	at com.mysql.jdbc.ConnectionImpl.connectOneTryOnly(ConnectionImpl.java:2222)
	at com.mysql.jdbc.ConnectionImpl.createNewIO(ConnectionImpl.java:2017)
	at com.mysql.jdbc.ConnectionImpl.<init>(ConnectionImpl.java:779)
	at com.mysql.jdbc.JDBC4Connection.<init>(JDBC4Connection.java:47)
	at sun.reflect.NativeConstructorAccessorImpl.newInstance0(Native Method)
	at sun.reflect.NativeConstructorAccessorImpl.newInstance(NativeConstructorAccessorImpl.java:62)
	at sun.reflect.DelegatingConstructorAccessorImpl.newInstance(DelegatingConstructorAccessorImpl.java:45)
	at java.lang.reflect.Constructor.newInstance(Constructor.java:423)
	at com.mysql.jdbc.Util.handleNewInstance(Util.java:425)
	at com.mysql.jdbc.ConnectionImpl.getInstance(ConnectionImpl.java:389)
	at com.mysql.jdbc.NonRegisteringDriver.connect(NonRegisteringDriver.java:330)
	at com.zaxxer.hikari.util.DriverDataSource.getConnection(DriverDataSource.java:138)
	at com.zaxxer.hikari.pool.PoolBase.newConnection(PoolBase.java:354)
	at com.zaxxer.hikari.pool.PoolBase.newPoolEntry(PoolBase.java:202)
	at com.zaxxer.hikari.pool.HikariPool.createPoolEntry(HikariPool.java:473)
	at com.zaxxer.hikari.pool.HikariPool.checkFailFast(HikariPool.java:554)
	at com.zaxxer.hikari.pool.HikariPool.<init>(HikariPool.java:115)
	at com.zaxxer.hikari.HikariDataSource.getConnection(HikariDataSource.java:112)
	at com.bzbala.ad.bazarbala.dao.DBServices.creteBusinessUser(DBServices.java:39)
	at com.bzbala.ad.bazarbala.dao.DBServices$$FastClassBySpringCGLIB$$94cef75c.invoke(<generated>)
	at org.springframework.cglib.proxy.MethodProxy.invoke(MethodProxy.java:218)
	at org.springframework.aop.framework.CglibAopProxy$CglibMethodInvocation.invokeJoinpoint(CglibAopProxy.java:771)
	at org.springframework.aop.framework.ReflectiveMethodInvocation.proceed(ReflectiveMethodInvocation.java:163)
	at org.springframework.aop.framework.CglibAopProxy$CglibMethodInvocation.proceed(CglibAopProxy.java:749)
	at org.springframework.dao.support.PersistenceExceptionTranslationInterceptor.invoke(PersistenceExceptionTranslationInterceptor.java:139)
	at org.springframework.aop.framework.ReflectiveMethodInvocation.proceed(ReflectiveMethodInvocation.java:186)
	at org.springframework.aop.framework.CglibAopProxy$CglibMethodInvocation.proceed(CglibAopProxy.java:749)
	at org.springframework.aop.framework.CglibAopProxy$DynamicAdvisedInterceptor.intercept(CglibAopProxy.java:691)
	at com.bzbala.ad.bazarbala.dao.DBServices$$EnhancerBySpringCGLIB$$70fc6bb7.creteBusinessUser(<generated>)
	at com.bzbala.ad.bazarbala.services.AdminServicesImpl.creteBusinessUser(AdminServicesImpl.java:35)
	at com.bzbala.ad.bazarbala.controller.UserRegistratationController.createUser(UserRegistratationController.java:37)
	at sun.reflect.NativeMethodAccessorImpl.invoke0(Native Method)
	at sun.reflect.NativeMethodAccessorImpl.invoke(NativeMethodAccessorImpl.java:62)
	at sun.reflect.DelegatingMethodAccessorImpl.invoke(DelegatingMethodAccessorImpl.java:43)
	at java.lang.reflect.Method.invoke(Method.java:498)
	at org.springframework.web.method.support.InvocableHandlerMethod.doInvoke(InvocableHandlerMethod.java:190)
	at org.springframework.web.method.support.InvocableHandlerMethod.invokeForRequest(InvocableHandlerMethod.java:138)
	at org.springframework.web.servlet.mvc.method.annotation.ServletInvocableHandlerMethod.invokeAndHandle(ServletInvocableHandlerMethod.java:105)
	at org.springframework.web.servlet.mvc.method.annotation.RequestMappingHandlerAdapter.invokeHandlerMethod(RequestMappingHandlerAdapter.java:879)
	at org.springframework.web.servlet.mvc.method.annotation.RequestMappingHandlerAdapter.handleInternal(RequestMappingHandlerAdapter.java:793)
	at org.springframework.web.servlet.mvc.method.AbstractHandlerMethodAdapter.handle(AbstractHandlerMethodAdapter.java:87)
	at org.springframework.web.servlet.DispatcherServlet.doDispatch(DispatcherServlet.java:1040)
	at org.springframework.web.servlet.DispatcherServlet.doService(DispatcherServlet.java:943)
	at org.springframework.web.servlet.FrameworkServlet.processRequest(FrameworkServlet.java:1006)
	at org.springframework.web.servlet.FrameworkServlet.doPost(FrameworkServlet.java:909)
	at javax.servlet.http.HttpServlet.service(HttpServlet.java:660)
	at org.springframework.web.servlet.FrameworkServlet.service(FrameworkServlet.java:883)
	at javax.servlet.http.HttpServlet.service(HttpServlet.java:741)
	at org.apache.catalina.core.ApplicationFilterChain.internalDoFilter(ApplicationFilterChain.java:231)
	at org.apache.catalina.core.ApplicationFilterChain.doFilter(ApplicationFilterChain.java:166)
	at org.apache.tomcat.websocket.server.WsFilter.doFilter(WsFilter.java:53)
	at org.apache.catalina.core.ApplicationFilterChain.internalDoFilter(ApplicationFilterChain.java:193)
	at org.apache.catalina.core.ApplicationFilterChain.doFilter(ApplicationFilterChain.java:166)
	at org.springframework.web.filter.RequestContextFilter.doFilterInternal(RequestContextFilter.java:100)
	at org.springframework.web.filter.OncePerRequestFilter.doFilter(OncePerRequestFilter.java:119)
	at org.apache.catalina.core.ApplicationFilterChain.internalDoFilter(ApplicationFilterChain.java:193)
	at org.apache.catalina.core.ApplicationFilterChain.doFilter(ApplicationFilterChain.java:166)
	at org.springframework.web.filter.FormContentFilter.doFilterInternal(FormContentFilter.java:93)
	at org.springframework.web.filter.OncePerRequestFilter.doFilter(OncePerRequestFilter.java:119)
	at org.apache.catalina.core.ApplicationFilterChain.internalDoFilter(ApplicationFilterChain.java:193)
	at org.apache.catalina.core.ApplicationFilterChain.doFilter(ApplicationFilterChain.java:166)
	at org.springframework.web.filter.CharacterEncodingFilter.doFilterInternal(CharacterEncodingFilter.java:201)
	at org.springframework.web.filter.OncePerRequestFilter.doFilter(OncePerRequestFilter.java:119)
	at org.apache.catalina.core.ApplicationFilterChain.internalDoFilter(ApplicationFilterChain.java:193)
	at org.apache.catalina.core.ApplicationFilterChain.doFilter(ApplicationFilterChain.java:166)
	at org.apache.catalina.core.StandardWrapperValve.invoke(StandardWrapperValve.java:202)
	at org.apache.catalina.core.StandardContextValve.invoke(StandardContextValve.java:96)
	at org.apache.catalina.authenticator.AuthenticatorBase.invoke(AuthenticatorBase.java:541)
	at org.apache.catalina.core.StandardHostValve.invoke(StandardHostValve.java:139)
	at org.apache.catalina.valves.ErrorReportValve.invoke(ErrorReportValve.java:92)
	at org.apache.catalina.core.StandardEngineValve.invoke(StandardEngineValve.java:74)
	at org.apache.catalina.connector.CoyoteAdapter.service(CoyoteAdapter.java:343)
	at org.apache.coyote.http11.Http11Processor.service(Http11Processor.java:373)
	at org.apache.coyote.AbstractProcessorLight.process(AbstractProcessorLight.java:65)
	at org.apache.coyote.AbstractProtocol$ConnectionHandler.process(AbstractProtocol.java:868)
	at org.apache.tomcat.util.net.NioEndpoint$SocketProcessor.doRun(NioEndpoint.java:1594)
	at org.apache.tomcat.util.net.SocketProcessorBase.run(SocketProcessorBase.java:49)
	at java.util.concurrent.ThreadPoolExecutor.runWorker(ThreadPoolExecutor.java:1149)
	at java.util.concurrent.ThreadPoolExecutor$Worker.run(ThreadPoolExecutor.java:624)
	at org.apache.tomcat.util.threads.TaskThread$WrappingRunnable.run(TaskThread.java:61)
	at java.lang.Thread.run(Thread.java:748)
2020-05-30 11:42:33 - Error while adding the Customer com.mysql.jdbc.exceptions.jdbc4.MySQLSyntaxErrorException: Access denied for user 'myhome'@'%' to database 'bazarbala'
2020-05-30 11:42:33 - SOMETHING WENT WRONG IN BACKEND CALL
2020-05-30 11:42:33 - View remains unresolved given [application/json;q=0.8]
2020-05-30 11:42:33 - View remains unresolved given [application/json;q=0.8]
2020-05-30 11:42:33 - Completed 200 OK
2020-05-30 11:42:33 - Completed 200 OK
2020-05-30 11:45:39 - Shutting down ExecutorService 'applicationTaskExecutor'
2020-05-30 11:45:40 - Starting BazarbalaAdminApplication on amitabhs-MacBook-Air.local with PID 2963 (/Users/amitabhsinha/Desktop/projects/bazarbala/target/classes started by amitabhsinha in /Users/amitabhsinha/Desktop/projects/bazarbala)
2020-05-30 11:45:40 - No active profile set, falling back to default profiles: default
2020-05-30 11:45:42 - Tomcat initialized with port(s): 8091 (http)
2020-05-30 11:45:42 - Initializing ProtocolHandler ["http-nio-8091"]
2020-05-30 11:45:42 - Starting service [Tomcat]
2020-05-30 11:45:42 - Starting Servlet engine: [Apache Tomcat/9.0.33]
2020-05-30 11:45:42 - Initializing Spring embedded WebApplicationContext
2020-05-30 11:45:42 - Published root WebApplicationContext as ServletContext attribute with name [org.springframework.web.context.WebApplicationContext.ROOT]
2020-05-30 11:45:42 - Published root WebApplicationContext as ServletContext attribute with name [org.springframework.web.context.WebApplicationContext.ROOT]
2020-05-30 11:45:42 - Root WebApplicationContext: initialization completed in 1336 ms
2020-05-30 11:45:42 - Root WebApplicationContext: initialization completed in 1336 ms
2020-05-30 11:45:42 - Initializing ExecutorService 'applicationTaskExecutor'
2020-05-30 11:45:42 - ControllerAdvice beans: 0 @ModelAttribute, 0 @InitBinder, 1 RequestBodyAdvice, 1 ResponseBodyAdvice
2020-05-30 11:45:42 - ControllerAdvice beans: 0 @ModelAttribute, 0 @InitBinder, 1 RequestBodyAdvice, 1 ResponseBodyAdvice
2020-05-30 11:45:42 - 11 mappings in 'requestMappingHandlerMapping'
2020-05-30 11:45:42 - 11 mappings in 'requestMappingHandlerMapping'
2020-05-30 11:45:42 - Adding welcome page: class path resource [static/index.html]
2020-05-30 11:45:42 - Patterns [/webjars/**, /**] in 'resourceHandlerMapping'
2020-05-30 11:45:42 - Patterns [/webjars/**, /**] in 'resourceHandlerMapping'
2020-05-30 11:45:42 - ControllerAdvice beans: 0 @ExceptionHandler, 1 ResponseBodyAdvice
2020-05-30 11:45:42 - ControllerAdvice beans: 0 @ExceptionHandler, 1 ResponseBodyAdvice
2020-05-30 11:45:42 - LiveReload server is running on port 35729
2020-05-30 11:45:42 - Starting ProtocolHandler ["http-nio-8091"]
2020-05-30 11:45:42 - Tomcat started on port(s): 8091 (http) with context path ''
2020-05-30 11:45:42 - Started BazarbalaAdminApplication in 2.336 seconds (JVM running for 772.779)
2020-05-30 11:45:42 - Condition evaluation unchanged
2020-05-30 11:45:45 - Initializing Spring DispatcherServlet 'dispatcherServlet'
2020-05-30 11:45:45 - Initializing Servlet 'dispatcherServlet'
2020-05-30 11:45:45 - Initializing Servlet 'dispatcherServlet'
2020-05-30 11:45:45 - Detected StandardServletMultipartResolver
2020-05-30 11:45:45 - Detected StandardServletMultipartResolver
2020-05-30 11:45:45 - enableLoggingRequestDetails='false': request parameters and headers will be masked to prevent unsafe logging of potentially sensitive data
2020-05-30 11:45:45 - enableLoggingRequestDetails='false': request parameters and headers will be masked to prevent unsafe logging of potentially sensitive data
2020-05-30 11:45:45 - Completed initialization in 19 ms
2020-05-30 11:45:45 - Completed initialization in 19 ms
2020-05-30 11:45:45 - GET "/user/createUser", parameters={}
2020-05-30 11:45:45 - GET "/user/createUser", parameters={}
2020-05-30 11:45:45 - Mapped to com.bzbala.ad.bazarbala.controller.UserRegistratationController#getUser(CreateBusinessUserDTO)
2020-05-30 11:45:45 - Mapped to com.bzbala.ad.bazarbala.controller.UserRegistratationController#getUser(CreateBusinessUserDTO)
2020-05-30 11:45:45 - Selected 'text/html' given [text/html, application/xhtml+xml, image/webp, image/apng, application/xml;q=0.9, application/signed-exchange;v=b3;q=0.9, */*;q=0.8]
2020-05-30 11:45:45 - Selected 'text/html' given [text/html, application/xhtml+xml, image/webp, image/apng, application/xml;q=0.9, application/signed-exchange;v=b3;q=0.9, */*;q=0.8]
2020-05-30 11:45:45 - Completed 200 OK
2020-05-30 11:45:45 - Completed 200 OK
2020-05-30 11:45:45 - GET "/css/homepage_style.css", parameters={}
2020-05-30 11:45:45 - GET "/css/homepage_style.css", parameters={}
2020-05-30 11:45:45 - Mapped to ResourceHttpRequestHandler ["classpath:/META-INF/resources/", "classpath:/resources/", "classpath:/static/", "classpath:/public/", "/"]
2020-05-30 11:45:45 - Mapped to ResourceHttpRequestHandler ["classpath:/META-INF/resources/", "classpath:/resources/", "classpath:/static/", "classpath:/public/", "/"]
2020-05-30 11:45:45 - Completed 200 OK
2020-05-30 11:45:45 - Completed 200 OK
2020-05-30 11:45:46 - POST "/user/createUser", parameters={masked}
2020-05-30 11:45:46 - POST "/user/createUser", parameters={masked}
2020-05-30 11:45:46 - Mapped to com.bzbala.ad.bazarbala.controller.UserRegistratationController#createUser(CreateBusinessUserDTO)
2020-05-30 11:45:46 - Mapped to com.bzbala.ad.bazarbala.controller.UserRegistratationController#createUser(CreateBusinessUserDTO)
2020-05-30 11:45:46 - HikariPool-3 - Starting...
2020-05-30 11:45:48 - HikariPool-3 - Exception during pool initialization.
java.sql.SQLException: Access denied for user 'root'@'localhost' (using password: YES)
	at com.mysql.jdbc.SQLError.createSQLException(SQLError.java:964)
	at com.mysql.jdbc.MysqlIO.checkErrorPacket(MysqlIO.java:3973)
	at com.mysql.jdbc.MysqlIO.checkErrorPacket(MysqlIO.java:3909)
	at com.mysql.jdbc.MysqlIO.checkErrorPacket(MysqlIO.java:873)
	at com.mysql.jdbc.MysqlIO.proceedHandshakeWithPluggableAuthentication(MysqlIO.java:1710)
	at com.mysql.jdbc.MysqlIO.doHandshake(MysqlIO.java:1226)
	at com.mysql.jdbc.ConnectionImpl.coreConnect(ConnectionImpl.java:2191)
	at com.mysql.jdbc.ConnectionImpl.connectOneTryOnly(ConnectionImpl.java:2222)
	at com.mysql.jdbc.ConnectionImpl.createNewIO(ConnectionImpl.java:2017)
	at com.mysql.jdbc.ConnectionImpl.<init>(ConnectionImpl.java:779)
	at com.mysql.jdbc.JDBC4Connection.<init>(JDBC4Connection.java:47)
	at sun.reflect.NativeConstructorAccessorImpl.newInstance0(Native Method)
	at sun.reflect.NativeConstructorAccessorImpl.newInstance(NativeConstructorAccessorImpl.java:62)
	at sun.reflect.DelegatingConstructorAccessorImpl.newInstance(DelegatingConstructorAccessorImpl.java:45)
	at java.lang.reflect.Constructor.newInstance(Constructor.java:423)
	at com.mysql.jdbc.Util.handleNewInstance(Util.java:425)
	at com.mysql.jdbc.ConnectionImpl.getInstance(ConnectionImpl.java:389)
	at com.mysql.jdbc.NonRegisteringDriver.connect(NonRegisteringDriver.java:330)
	at com.zaxxer.hikari.util.DriverDataSource.getConnection(DriverDataSource.java:138)
	at com.zaxxer.hikari.pool.PoolBase.newConnection(PoolBase.java:354)
	at com.zaxxer.hikari.pool.PoolBase.newPoolEntry(PoolBase.java:202)
	at com.zaxxer.hikari.pool.HikariPool.createPoolEntry(HikariPool.java:473)
	at com.zaxxer.hikari.pool.HikariPool.checkFailFast(HikariPool.java:554)
	at com.zaxxer.hikari.pool.HikariPool.<init>(HikariPool.java:115)
	at com.zaxxer.hikari.HikariDataSource.getConnection(HikariDataSource.java:112)
	at com.bzbala.ad.bazarbala.dao.DBServices.creteBusinessUser(DBServices.java:39)
	at com.bzbala.ad.bazarbala.dao.DBServices$$FastClassBySpringCGLIB$$94cef75c.invoke(<generated>)
	at org.springframework.cglib.proxy.MethodProxy.invoke(MethodProxy.java:218)
	at org.springframework.aop.framework.CglibAopProxy$CglibMethodInvocation.invokeJoinpoint(CglibAopProxy.java:771)
	at org.springframework.aop.framework.ReflectiveMethodInvocation.proceed(ReflectiveMethodInvocation.java:163)
	at org.springframework.aop.framework.CglibAopProxy$CglibMethodInvocation.proceed(CglibAopProxy.java:749)
	at org.springframework.dao.support.PersistenceExceptionTranslationInterceptor.invoke(PersistenceExceptionTranslationInterceptor.java:139)
	at org.springframework.aop.framework.ReflectiveMethodInvocation.proceed(ReflectiveMethodInvocation.java:186)
	at org.springframework.aop.framework.CglibAopProxy$CglibMethodInvocation.proceed(CglibAopProxy.java:749)
	at org.springframework.aop.framework.CglibAopProxy$DynamicAdvisedInterceptor.intercept(CglibAopProxy.java:691)
	at com.bzbala.ad.bazarbala.dao.DBServices$$EnhancerBySpringCGLIB$$70fc6bb7.creteBusinessUser(<generated>)
	at com.bzbala.ad.bazarbala.services.AdminServicesImpl.creteBusinessUser(AdminServicesImpl.java:35)
	at com.bzbala.ad.bazarbala.controller.UserRegistratationController.createUser(UserRegistratationController.java:37)
	at sun.reflect.NativeMethodAccessorImpl.invoke0(Native Method)
	at sun.reflect.NativeMethodAccessorImpl.invoke(NativeMethodAccessorImpl.java:62)
	at sun.reflect.DelegatingMethodAccessorImpl.invoke(DelegatingMethodAccessorImpl.java:43)
	at java.lang.reflect.Method.invoke(Method.java:498)
	at org.springframework.web.method.support.InvocableHandlerMethod.doInvoke(InvocableHandlerMethod.java:190)
	at org.springframework.web.method.support.InvocableHandlerMethod.invokeForRequest(InvocableHandlerMethod.java:138)
	at org.springframework.web.servlet.mvc.method.annotation.ServletInvocableHandlerMethod.invokeAndHandle(ServletInvocableHandlerMethod.java:105)
	at org.springframework.web.servlet.mvc.method.annotation.RequestMappingHandlerAdapter.invokeHandlerMethod(RequestMappingHandlerAdapter.java:879)
	at org.springframework.web.servlet.mvc.method.annotation.RequestMappingHandlerAdapter.handleInternal(RequestMappingHandlerAdapter.java:793)
	at org.springframework.web.servlet.mvc.method.AbstractHandlerMethodAdapter.handle(AbstractHandlerMethodAdapter.java:87)
	at org.springframework.web.servlet.DispatcherServlet.doDispatch(DispatcherServlet.java:1040)
	at org.springframework.web.servlet.DispatcherServlet.doService(DispatcherServlet.java:943)
	at org.springframework.web.servlet.FrameworkServlet.processRequest(FrameworkServlet.java:1006)
	at org.springframework.web.servlet.FrameworkServlet.doPost(FrameworkServlet.java:909)
	at javax.servlet.http.HttpServlet.service(HttpServlet.java:660)
	at org.springframework.web.servlet.FrameworkServlet.service(FrameworkServlet.java:883)
	at javax.servlet.http.HttpServlet.service(HttpServlet.java:741)
	at org.apache.catalina.core.ApplicationFilterChain.internalDoFilter(ApplicationFilterChain.java:231)
	at org.apache.catalina.core.ApplicationFilterChain.doFilter(ApplicationFilterChain.java:166)
	at org.apache.tomcat.websocket.server.WsFilter.doFilter(WsFilter.java:53)
	at org.apache.catalina.core.ApplicationFilterChain.internalDoFilter(ApplicationFilterChain.java:193)
	at org.apache.catalina.core.ApplicationFilterChain.doFilter(ApplicationFilterChain.java:166)
	at org.springframework.web.filter.RequestContextFilter.doFilterInternal(RequestContextFilter.java:100)
	at org.springframework.web.filter.OncePerRequestFilter.doFilter(OncePerRequestFilter.java:119)
	at org.apache.catalina.core.ApplicationFilterChain.internalDoFilter(ApplicationFilterChain.java:193)
	at org.apache.catalina.core.ApplicationFilterChain.doFilter(ApplicationFilterChain.java:166)
	at org.springframework.web.filter.FormContentFilter.doFilterInternal(FormContentFilter.java:93)
	at org.springframework.web.filter.OncePerRequestFilter.doFilter(OncePerRequestFilter.java:119)
	at org.apache.catalina.core.ApplicationFilterChain.internalDoFilter(ApplicationFilterChain.java:193)
	at org.apache.catalina.core.ApplicationFilterChain.doFilter(ApplicationFilterChain.java:166)
	at org.springframework.web.filter.CharacterEncodingFilter.doFilterInternal(CharacterEncodingFilter.java:201)
	at org.springframework.web.filter.OncePerRequestFilter.doFilter(OncePerRequestFilter.java:119)
	at org.apache.catalina.core.ApplicationFilterChain.internalDoFilter(ApplicationFilterChain.java:193)
	at org.apache.catalina.core.ApplicationFilterChain.doFilter(ApplicationFilterChain.java:166)
	at org.apache.catalina.core.StandardWrapperValve.invoke(StandardWrapperValve.java:202)
	at org.apache.catalina.core.StandardContextValve.invoke(StandardContextValve.java:96)
	at org.apache.catalina.authenticator.AuthenticatorBase.invoke(AuthenticatorBase.java:541)
	at org.apache.catalina.core.StandardHostValve.invoke(StandardHostValve.java:139)
	at org.apache.catalina.valves.ErrorReportValve.invoke(ErrorReportValve.java:92)
	at org.apache.catalina.core.StandardEngineValve.invoke(StandardEngineValve.java:74)
	at org.apache.catalina.connector.CoyoteAdapter.service(CoyoteAdapter.java:343)
	at org.apache.coyote.http11.Http11Processor.service(Http11Processor.java:373)
	at org.apache.coyote.AbstractProcessorLight.process(AbstractProcessorLight.java:65)
	at org.apache.coyote.AbstractProtocol$ConnectionHandler.process(AbstractProtocol.java:868)
	at org.apache.tomcat.util.net.NioEndpoint$SocketProcessor.doRun(NioEndpoint.java:1594)
	at org.apache.tomcat.util.net.SocketProcessorBase.run(SocketProcessorBase.java:49)
	at java.util.concurrent.ThreadPoolExecutor.runWorker(ThreadPoolExecutor.java:1149)
	at java.util.concurrent.ThreadPoolExecutor$Worker.run(ThreadPoolExecutor.java:624)
	at org.apache.tomcat.util.threads.TaskThread$WrappingRunnable.run(TaskThread.java:61)
	at java.lang.Thread.run(Thread.java:748)
2020-05-30 11:45:48 - Error while adding the Customer java.sql.SQLException: Access denied for user 'root'@'localhost' (using password: YES)
2020-05-30 11:45:48 - SOMETHING WENT WRONG IN BACKEND CALL
2020-05-30 11:45:48 - View remains unresolved given [application/json;q=0.8]
2020-05-30 11:45:48 - View remains unresolved given [application/json;q=0.8]
2020-05-30 11:45:48 - Completed 200 OK
2020-05-30 11:45:48 - Completed 200 OK
2020-05-30 11:47:18 - Shutting down ExecutorService 'applicationTaskExecutor'
2020-05-30 11:47:18 - Starting BazarbalaAdminApplication on amitabhs-MacBook-Air.local with PID 2963 (/Users/amitabhsinha/Desktop/projects/bazarbala/target/classes started by amitabhsinha in /Users/amitabhsinha/Desktop/projects/bazarbala)
2020-05-30 11:47:18 - No active profile set, falling back to default profiles: default
2020-05-30 11:47:20 - Tomcat initialized with port(s): 8091 (http)
2020-05-30 11:47:20 - Initializing ProtocolHandler ["http-nio-8091"]
2020-05-30 11:47:20 - Starting service [Tomcat]
2020-05-30 11:47:20 - Starting Servlet engine: [Apache Tomcat/9.0.33]
2020-05-30 11:47:20 - Initializing Spring embedded WebApplicationContext
2020-05-30 11:47:20 - Published root WebApplicationContext as ServletContext attribute with name [org.springframework.web.context.WebApplicationContext.ROOT]
2020-05-30 11:47:20 - Published root WebApplicationContext as ServletContext attribute with name [org.springframework.web.context.WebApplicationContext.ROOT]
2020-05-30 11:47:20 - Root WebApplicationContext: initialization completed in 1125 ms
2020-05-30 11:47:20 - Root WebApplicationContext: initialization completed in 1125 ms
2020-05-30 11:47:20 - Initializing ExecutorService 'applicationTaskExecutor'
2020-05-30 11:47:20 - ControllerAdvice beans: 0 @ModelAttribute, 0 @InitBinder, 1 RequestBodyAdvice, 1 ResponseBodyAdvice
2020-05-30 11:47:20 - ControllerAdvice beans: 0 @ModelAttribute, 0 @InitBinder, 1 RequestBodyAdvice, 1 ResponseBodyAdvice
2020-05-30 11:47:20 - 11 mappings in 'requestMappingHandlerMapping'
2020-05-30 11:47:20 - 11 mappings in 'requestMappingHandlerMapping'
2020-05-30 11:47:20 - Adding welcome page: class path resource [static/index.html]
2020-05-30 11:47:20 - Patterns [/webjars/**, /**] in 'resourceHandlerMapping'
2020-05-30 11:47:20 - Patterns [/webjars/**, /**] in 'resourceHandlerMapping'
2020-05-30 11:47:20 - ControllerAdvice beans: 0 @ExceptionHandler, 1 ResponseBodyAdvice
2020-05-30 11:47:20 - ControllerAdvice beans: 0 @ExceptionHandler, 1 ResponseBodyAdvice
2020-05-30 11:47:20 - LiveReload server is running on port 35729
2020-05-30 11:47:20 - Starting ProtocolHandler ["http-nio-8091"]
2020-05-30 11:47:20 - Tomcat started on port(s): 8091 (http) with context path ''
2020-05-30 11:47:20 - Started BazarbalaAdminApplication in 2.143 seconds (JVM running for 870.899)
2020-05-30 11:47:20 - Condition evaluation unchanged
2020-05-30 11:47:21 - Initializing Spring DispatcherServlet 'dispatcherServlet'
2020-05-30 11:47:21 - Initializing Servlet 'dispatcherServlet'
2020-05-30 11:47:21 - Initializing Servlet 'dispatcherServlet'
2020-05-30 11:47:21 - Detected StandardServletMultipartResolver
2020-05-30 11:47:21 - Detected StandardServletMultipartResolver
2020-05-30 11:47:21 - enableLoggingRequestDetails='false': request parameters and headers will be masked to prevent unsafe logging of potentially sensitive data
2020-05-30 11:47:21 - enableLoggingRequestDetails='false': request parameters and headers will be masked to prevent unsafe logging of potentially sensitive data
2020-05-30 11:47:21 - Completed initialization in 10 ms
2020-05-30 11:47:21 - Completed initialization in 10 ms
2020-05-30 11:47:21 - GET "/user/createUser", parameters={}
2020-05-30 11:47:21 - GET "/user/createUser", parameters={}
2020-05-30 11:47:21 - Mapped to com.bzbala.ad.bazarbala.controller.UserRegistratationController#getUser(CreateBusinessUserDTO)
2020-05-30 11:47:21 - Mapped to com.bzbala.ad.bazarbala.controller.UserRegistratationController#getUser(CreateBusinessUserDTO)
2020-05-30 11:47:21 - Selected 'text/html' given [text/html, application/xhtml+xml, image/webp, image/apng, application/xml;q=0.9, application/signed-exchange;v=b3;q=0.9, */*;q=0.8]
2020-05-30 11:47:21 - Selected 'text/html' given [text/html, application/xhtml+xml, image/webp, image/apng, application/xml;q=0.9, application/signed-exchange;v=b3;q=0.9, */*;q=0.8]
2020-05-30 11:47:21 - Completed 200 OK
2020-05-30 11:47:21 - Completed 200 OK
2020-05-30 11:47:21 - GET "/css/homepage_style.css", parameters={}
2020-05-30 11:47:21 - GET "/css/homepage_style.css", parameters={}
2020-05-30 11:47:21 - Mapped to ResourceHttpRequestHandler ["classpath:/META-INF/resources/", "classpath:/resources/", "classpath:/static/", "classpath:/public/", "/"]
2020-05-30 11:47:21 - Mapped to ResourceHttpRequestHandler ["classpath:/META-INF/resources/", "classpath:/resources/", "classpath:/static/", "classpath:/public/", "/"]
2020-05-30 11:47:21 - Completed 200 OK
2020-05-30 11:47:21 - Completed 200 OK
2020-05-30 11:47:24 - POST "/user/createUser", parameters={masked}
2020-05-30 11:47:24 - POST "/user/createUser", parameters={masked}
2020-05-30 11:47:24 - Mapped to com.bzbala.ad.bazarbala.controller.UserRegistratationController#createUser(CreateBusinessUserDTO)
2020-05-30 11:47:24 - Mapped to com.bzbala.ad.bazarbala.controller.UserRegistratationController#createUser(CreateBusinessUserDTO)
2020-05-30 11:47:24 - HikariPool-4 - Starting...
2020-05-30 11:47:24 - HikariPool-4 - Start completed.
2020-05-30 11:47:24 - Executing prepared SQL update
2020-05-30 11:47:24 - Executing prepared SQL update
2020-05-30 11:47:24 - Executing prepared SQL statement
2020-05-30 11:47:24 - Executing prepared SQL statement
2020-05-30 11:47:24 - View remains unresolved given [application/json;q=0.8]
2020-05-30 11:47:24 - View remains unresolved given [application/json;q=0.8]
2020-05-30 11:47:24 - Completed 200 OK
2020-05-30 11:47:24 - Completed 200 OK
2020-05-30 11:47:25 - GET "/css/homepage_style.css", parameters={}
2020-05-30 11:47:25 - GET "/css/homepage_style.css", parameters={}
2020-05-30 11:47:25 - Mapped to ResourceHttpRequestHandler ["classpath:/META-INF/resources/", "classpath:/resources/", "classpath:/static/", "classpath:/public/", "/"]
2020-05-30 11:47:25 - Mapped to ResourceHttpRequestHandler ["classpath:/META-INF/resources/", "classpath:/resources/", "classpath:/static/", "classpath:/public/", "/"]
2020-05-30 11:47:25 - Completed 200 OK
2020-05-30 11:47:25 - Completed 200 OK
2020-05-30 11:48:16 - GET "/user/createUser", parameters={}
2020-05-30 11:48:16 - GET "/user/createUser", parameters={}
2020-05-30 11:48:16 - Mapped to com.bzbala.ad.bazarbala.controller.UserRegistratationController#getUser(CreateBusinessUserDTO)
2020-05-30 11:48:16 - Mapped to com.bzbala.ad.bazarbala.controller.UserRegistratationController#getUser(CreateBusinessUserDTO)
2020-05-30 11:48:16 - Selected 'text/html' given [text/html, application/xhtml+xml, image/webp, image/apng, application/xml;q=0.9, application/signed-exchange;v=b3;q=0.9, */*;q=0.8]
2020-05-30 11:48:16 - Selected 'text/html' given [text/html, application/xhtml+xml, image/webp, image/apng, application/xml;q=0.9, application/signed-exchange;v=b3;q=0.9, */*;q=0.8]
2020-05-30 11:48:16 - Completed 200 OK
2020-05-30 11:48:16 - Completed 200 OK
2020-05-30 11:48:16 - GET "/css/homepage_style.css", parameters={}
2020-05-30 11:48:16 - GET "/css/homepage_style.css", parameters={}
2020-05-30 11:48:16 - Mapped to ResourceHttpRequestHandler ["classpath:/META-INF/resources/", "classpath:/resources/", "classpath:/static/", "classpath:/public/", "/"]
2020-05-30 11:48:16 - Mapped to ResourceHttpRequestHandler ["classpath:/META-INF/resources/", "classpath:/resources/", "classpath:/static/", "classpath:/public/", "/"]
2020-05-30 11:48:16 - Completed 200 OK
2020-05-30 11:48:16 - Completed 200 OK
2020-05-30 11:48:19 - GET "/css/s_bootstrap.min.css", parameters={}
2020-05-30 11:48:19 - GET "/css/s_bootstrap.min.css", parameters={}
2020-05-30 11:48:19 - GET "/css/style.css", parameters={}
2020-05-30 11:48:19 - Mapped to ResourceHttpRequestHandler ["classpath:/META-INF/resources/", "classpath:/resources/", "classpath:/static/", "classpath:/public/", "/"]
2020-05-30 11:48:19 - Mapped to ResourceHttpRequestHandler ["classpath:/META-INF/resources/", "classpath:/resources/", "classpath:/static/", "classpath:/public/", "/"]
2020-05-30 11:48:19 - GET "/css/style.css", parameters={}
2020-05-30 11:48:19 - Mapped to ResourceHttpRequestHandler ["classpath:/META-INF/resources/", "classpath:/resources/", "classpath:/static/", "classpath:/public/", "/"]
2020-05-30 11:48:19 - Mapped to ResourceHttpRequestHandler ["classpath:/META-INF/resources/", "classpath:/resources/", "classpath:/static/", "classpath:/public/", "/"]
2020-05-30 11:48:19 - Completed 200 OK
2020-05-30 11:48:19 - Completed 200 OK
2020-05-30 11:48:19 - Completed 200 OK
2020-05-30 11:48:19 - Completed 200 OK
2020-05-30 11:48:19 - GET "/img/ipad-hand.png", parameters={}
2020-05-30 11:48:19 - GET "/img/ipad-hand.png", parameters={}
2020-05-30 11:48:19 - Mapped to ResourceHttpRequestHandler ["classpath:/META-INF/resources/", "classpath:/resources/", "classpath:/static/", "classpath:/public/", "/"]
2020-05-30 11:48:19 - Mapped to ResourceHttpRequestHandler ["classpath:/META-INF/resources/", "classpath:/resources/", "classpath:/static/", "classpath:/public/", "/"]
2020-05-30 11:48:19 - Completed 200 OK
2020-05-30 11:48:19 - Completed 200 OK
2020-05-30 11:48:33 - POST "/startPage", parameters={masked}
2020-05-30 11:48:33 - POST "/startPage", parameters={masked}
2020-05-30 11:48:33 - Mapped to com.bzbala.ad.bazarbala.controller.MyController#processForm2(Start)
2020-05-30 11:48:33 - Mapped to com.bzbala.ad.bazarbala.controller.MyController#processForm2(Start)
2020-05-30 11:48:33 - Selected 'text/html' given [text/html, application/xhtml+xml, image/webp, image/apng, application/xml;q=0.9, application/signed-exchange;v=b3;q=0.9, */*;q=0.8]
2020-05-30 11:48:33 - Selected 'text/html' given [text/html, application/xhtml+xml, image/webp, image/apng, application/xml;q=0.9, application/signed-exchange;v=b3;q=0.9, */*;q=0.8]
2020-05-30 11:48:33 - Completed 200 OK
2020-05-30 11:48:33 - Completed 200 OK
2020-05-30 11:50:32 - GET "/startPage", parameters={}
2020-05-30 11:50:32 - GET "/startPage", parameters={}
2020-05-30 11:50:32 - Mapped to com.bzbala.ad.bazarbala.controller.MyController#sendForm2(Start)
2020-05-30 11:50:32 - Mapped to com.bzbala.ad.bazarbala.controller.MyController#sendForm2(Start)
2020-05-30 11:50:32 - Selected 'text/html' given [text/html, application/xhtml+xml, image/webp, image/apng, application/xml;q=0.9, application/signed-exchange;v=b3;q=0.9, */*;q=0.8]
2020-05-30 11:50:32 - Selected 'text/html' given [text/html, application/xhtml+xml, image/webp, image/apng, application/xml;q=0.9, application/signed-exchange;v=b3;q=0.9, */*;q=0.8]
2020-05-30 11:50:32 - Completed 200 OK
2020-05-30 11:50:32 - Completed 200 OK
2020-05-30 11:50:32 - GET "/css/style.css", parameters={}
2020-05-30 11:50:32 - GET "/css/style.css", parameters={}
2020-05-30 11:50:32 - GET "/css/s_bootstrap.min.css", parameters={}
2020-05-30 11:50:32 - GET "/css/s_bootstrap.min.css", parameters={}
2020-05-30 11:50:32 - Mapped to ResourceHttpRequestHandler ["classpath:/META-INF/resources/", "classpath:/resources/", "classpath:/static/", "classpath:/public/", "/"]
2020-05-30 11:50:32 - Mapped to ResourceHttpRequestHandler ["classpath:/META-INF/resources/", "classpath:/resources/", "classpath:/static/", "classpath:/public/", "/"]
2020-05-30 11:50:32 - Mapped to ResourceHttpRequestHandler ["classpath:/META-INF/resources/", "classpath:/resources/", "classpath:/static/", "classpath:/public/", "/"]
2020-05-30 11:50:32 - Mapped to ResourceHttpRequestHandler ["classpath:/META-INF/resources/", "classpath:/resources/", "classpath:/static/", "classpath:/public/", "/"]
2020-05-30 11:50:32 - Completed 200 OK
2020-05-30 11:50:32 - Completed 200 OK
2020-05-30 11:50:32 - Completed 200 OK
2020-05-30 11:50:32 - Completed 200 OK
2020-05-30 11:50:32 - GET "/img/ipad-hand.png", parameters={}
2020-05-30 11:50:32 - GET "/img/ipad-hand.png", parameters={}
2020-05-30 11:50:32 - Mapped to ResourceHttpRequestHandler ["classpath:/META-INF/resources/", "classpath:/resources/", "classpath:/static/", "classpath:/public/", "/"]
2020-05-30 11:50:32 - Mapped to ResourceHttpRequestHandler ["classpath:/META-INF/resources/", "classpath:/resources/", "classpath:/static/", "classpath:/public/", "/"]
2020-05-30 11:50:32 - Completed 200 OK
2020-05-30 11:50:32 - Completed 200 OK
2020-05-30 12:01:15 - HikariPool-4 - Thread starvation or clock leap detected (housekeeper delta=3m50s374ms).
2020-05-30 12:08:08 - GET "/user/createUser", parameters={}
2020-05-30 12:08:08 - GET "/user/createUser", parameters={}
2020-05-30 12:08:08 - Mapped to com.bzbala.ad.bazarbala.controller.UserRegistratationController#getUser(CreateBusinessUserDTO)
2020-05-30 12:08:08 - Mapped to com.bzbala.ad.bazarbala.controller.UserRegistratationController#getUser(CreateBusinessUserDTO)
2020-05-30 12:08:08 - Selected 'text/html' given [text/html, application/xhtml+xml, image/webp, image/apng, application/xml;q=0.9, application/signed-exchange;v=b3;q=0.9, */*;q=0.8]
2020-05-30 12:08:08 - Selected 'text/html' given [text/html, application/xhtml+xml, image/webp, image/apng, application/xml;q=0.9, application/signed-exchange;v=b3;q=0.9, */*;q=0.8]
2020-05-30 12:08:08 - Completed 200 OK
2020-05-30 12:08:08 - Completed 200 OK
2020-05-30 12:08:08 - GET "/css/homepage_style.css", parameters={}
2020-05-30 12:08:08 - GET "/css/homepage_style.css", parameters={}
2020-05-30 12:08:08 - Mapped to ResourceHttpRequestHandler ["classpath:/META-INF/resources/", "classpath:/resources/", "classpath:/static/", "classpath:/public/", "/"]
2020-05-30 12:08:08 - Mapped to ResourceHttpRequestHandler ["classpath:/META-INF/resources/", "classpath:/resources/", "classpath:/static/", "classpath:/public/", "/"]
2020-05-30 12:08:08 - Completed 200 OK
2020-05-30 12:08:08 - Completed 200 OK
2020-05-30 12:08:55 - GET "/css/s_bootstrap.min.css", parameters={}
2020-05-30 12:08:55 - GET "/css/s_bootstrap.min.css", parameters={}
2020-05-30 12:08:55 - Mapped to ResourceHttpRequestHandler ["classpath:/META-INF/resources/", "classpath:/resources/", "classpath:/static/", "classpath:/public/", "/"]
2020-05-30 12:08:55 - Mapped to ResourceHttpRequestHandler ["classpath:/META-INF/resources/", "classpath:/resources/", "classpath:/static/", "classpath:/public/", "/"]
2020-05-30 12:08:55 - GET "/css/style.css", parameters={}
2020-05-30 12:08:55 - GET "/css/style.css", parameters={}
2020-05-30 12:08:55 - Mapped to ResourceHttpRequestHandler ["classpath:/META-INF/resources/", "classpath:/resources/", "classpath:/static/", "classpath:/public/", "/"]
2020-05-30 12:08:55 - Mapped to ResourceHttpRequestHandler ["classpath:/META-INF/resources/", "classpath:/resources/", "classpath:/static/", "classpath:/public/", "/"]
2020-05-30 12:08:55 - Completed 200 OK
2020-05-30 12:08:55 - Completed 200 OK
2020-05-30 12:08:55 - Completed 200 OK
2020-05-30 12:08:55 - Completed 200 OK
2020-05-30 12:08:55 - GET "/img/ipad-hand.png", parameters={}
2020-05-30 12:08:55 - GET "/img/ipad-hand.png", parameters={}
2020-05-30 12:08:55 - Mapped to ResourceHttpRequestHandler ["classpath:/META-INF/resources/", "classpath:/resources/", "classpath:/static/", "classpath:/public/", "/"]
2020-05-30 12:08:55 - Mapped to ResourceHttpRequestHandler ["classpath:/META-INF/resources/", "classpath:/resources/", "classpath:/static/", "classpath:/public/", "/"]
2020-05-30 12:08:55 - Completed 200 OK
2020-05-30 12:08:55 - Completed 200 OK
2020-05-30 12:09:12 - POST "/startPage", parameters={masked}
2020-05-30 12:09:12 - POST "/startPage", parameters={masked}
2020-05-30 12:09:12 - Mapped to com.bzbala.ad.bazarbala.controller.MyController#processForm2(Start)
2020-05-30 12:09:12 - Mapped to com.bzbala.ad.bazarbala.controller.MyController#processForm2(Start)
2020-05-30 12:09:12 - Selected 'text/html' given [text/html, application/xhtml+xml, image/webp, image/apng, application/xml;q=0.9, application/signed-exchange;v=b3;q=0.9, */*;q=0.8]
2020-05-30 12:09:12 - Selected 'text/html' given [text/html, application/xhtml+xml, image/webp, image/apng, application/xml;q=0.9, application/signed-exchange;v=b3;q=0.9, */*;q=0.8]
2020-05-30 12:09:12 - Completed 200 OK
2020-05-30 12:09:12 - Completed 200 OK
2020-05-30 12:11:52 - GET "/startPage", parameters={}
2020-05-30 12:11:52 - GET "/startPage", parameters={}
2020-05-30 12:11:52 - Mapped to com.bzbala.ad.bazarbala.controller.MyController#sendForm2(Start)
2020-05-30 12:11:52 - Mapped to com.bzbala.ad.bazarbala.controller.MyController#sendForm2(Start)
2020-05-30 12:11:52 - Selected 'text/html' given [text/html, application/xhtml+xml, image/webp, image/apng, application/xml;q=0.9, application/signed-exchange;v=b3;q=0.9, */*;q=0.8]
2020-05-30 12:11:52 - Selected 'text/html' given [text/html, application/xhtml+xml, image/webp, image/apng, application/xml;q=0.9, application/signed-exchange;v=b3;q=0.9, */*;q=0.8]
2020-05-30 12:11:52 - Completed 200 OK
2020-05-30 12:11:52 - Completed 200 OK
2020-05-30 12:11:52 - GET "/css/style.css", parameters={}
2020-05-30 12:11:52 - GET "/css/style.css", parameters={}
2020-05-30 12:11:52 - Mapped to ResourceHttpRequestHandler ["classpath:/META-INF/resources/", "classpath:/resources/", "classpath:/static/", "classpath:/public/", "/"]
2020-05-30 12:11:52 - GET "/css/s_bootstrap.min.css", parameters={}
2020-05-30 12:11:52 - Mapped to ResourceHttpRequestHandler ["classpath:/META-INF/resources/", "classpath:/resources/", "classpath:/static/", "classpath:/public/", "/"]
2020-05-30 12:11:52 - GET "/css/s_bootstrap.min.css", parameters={}
2020-05-30 12:11:52 - Mapped to ResourceHttpRequestHandler ["classpath:/META-INF/resources/", "classpath:/resources/", "classpath:/static/", "classpath:/public/", "/"]
2020-05-30 12:11:52 - Mapped to ResourceHttpRequestHandler ["classpath:/META-INF/resources/", "classpath:/resources/", "classpath:/static/", "classpath:/public/", "/"]
2020-05-30 12:11:52 - Completed 200 OK
2020-05-30 12:11:52 - Completed 200 OK
2020-05-30 12:11:52 - Completed 200 OK
2020-05-30 12:11:52 - Completed 200 OK
2020-05-30 12:11:53 - GET "/img/ipad-hand.png", parameters={}
2020-05-30 12:11:53 - GET "/img/ipad-hand.png", parameters={}
2020-05-30 12:11:53 - Mapped to ResourceHttpRequestHandler ["classpath:/META-INF/resources/", "classpath:/resources/", "classpath:/static/", "classpath:/public/", "/"]
2020-05-30 12:11:53 - Mapped to ResourceHttpRequestHandler ["classpath:/META-INF/resources/", "classpath:/resources/", "classpath:/static/", "classpath:/public/", "/"]
2020-05-30 12:11:53 - Completed 200 OK
2020-05-30 12:11:53 - Completed 200 OK
2020-05-30 12:13:42 - POST "/startPage", parameters={masked}
2020-05-30 12:13:42 - POST "/startPage", parameters={masked}
2020-05-30 12:13:42 - Mapped to com.bzbala.ad.bazarbala.controller.MyController#processForm2(Start)
2020-05-30 12:13:42 - Mapped to com.bzbala.ad.bazarbala.controller.MyController#processForm2(Start)
2020-05-30 12:13:42 - Selected 'text/html' given [text/html, application/xhtml+xml, image/webp, image/apng, application/xml;q=0.9, application/signed-exchange;v=b3;q=0.9, */*;q=0.8]
2020-05-30 12:13:42 - Selected 'text/html' given [text/html, application/xhtml+xml, image/webp, image/apng, application/xml;q=0.9, application/signed-exchange;v=b3;q=0.9, */*;q=0.8]
2020-05-30 12:13:42 - Completed 200 OK
2020-05-30 12:13:42 - Completed 200 OK
2020-05-30 12:14:03 - GET "/startPage", parameters={}
2020-05-30 12:14:03 - GET "/startPage", parameters={}
2020-05-30 12:14:03 - Mapped to com.bzbala.ad.bazarbala.controller.MyController#sendForm2(Start)
2020-05-30 12:14:03 - Mapped to com.bzbala.ad.bazarbala.controller.MyController#sendForm2(Start)
2020-05-30 12:14:03 - Selected 'text/html' given [text/html, application/xhtml+xml, image/webp, image/apng, application/xml;q=0.9, application/signed-exchange;v=b3;q=0.9, */*;q=0.8]
2020-05-30 12:14:03 - Selected 'text/html' given [text/html, application/xhtml+xml, image/webp, image/apng, application/xml;q=0.9, application/signed-exchange;v=b3;q=0.9, */*;q=0.8]
2020-05-30 12:14:03 - Completed 200 OK
2020-05-30 12:14:03 - Completed 200 OK
2020-05-30 12:14:03 - GET "/css/s_bootstrap.min.css", parameters={}
2020-05-30 12:14:03 - GET "/css/s_bootstrap.min.css", parameters={}
2020-05-30 12:14:03 - Mapped to ResourceHttpRequestHandler ["classpath:/META-INF/resources/", "classpath:/resources/", "classpath:/static/", "classpath:/public/", "/"]
2020-05-30 12:14:03 - Mapped to ResourceHttpRequestHandler ["classpath:/META-INF/resources/", "classpath:/resources/", "classpath:/static/", "classpath:/public/", "/"]
2020-05-30 12:14:03 - GET "/css/style.css", parameters={}
2020-05-30 12:14:03 - GET "/css/style.css", parameters={}
2020-05-30 12:14:03 - Mapped to ResourceHttpRequestHandler ["classpath:/META-INF/resources/", "classpath:/resources/", "classpath:/static/", "classpath:/public/", "/"]
2020-05-30 12:14:03 - Mapped to ResourceHttpRequestHandler ["classpath:/META-INF/resources/", "classpath:/resources/", "classpath:/static/", "classpath:/public/", "/"]
2020-05-30 12:14:03 - Completed 200 OK
2020-05-30 12:14:03 - Completed 200 OK
2020-05-30 12:14:03 - Completed 200 OK
2020-05-30 12:14:03 - Completed 200 OK
2020-05-30 12:14:03 - GET "/img/ipad-hand.png", parameters={}
2020-05-30 12:14:03 - GET "/img/ipad-hand.png", parameters={}
2020-05-30 12:14:03 - Mapped to ResourceHttpRequestHandler ["classpath:/META-INF/resources/", "classpath:/resources/", "classpath:/static/", "classpath:/public/", "/"]
2020-05-30 12:14:03 - Mapped to ResourceHttpRequestHandler ["classpath:/META-INF/resources/", "classpath:/resources/", "classpath:/static/", "classpath:/public/", "/"]
2020-05-30 12:14:03 - Completed 200 OK
2020-05-30 12:14:03 - Completed 200 OK
2020-05-30 12:14:22 - POST "/startPage", parameters={masked}
2020-05-30 12:14:22 - POST "/startPage", parameters={masked}
2020-05-30 12:14:22 - Mapped to com.bzbala.ad.bazarbala.controller.MyController#processForm2(Start)
2020-05-30 12:14:22 - Mapped to com.bzbala.ad.bazarbala.controller.MyController#processForm2(Start)
2020-05-30 12:14:22 - Selected 'text/html' given [text/html, application/xhtml+xml, image/webp, image/apng, application/xml;q=0.9, application/signed-exchange;v=b3;q=0.9, */*;q=0.8]
2020-05-30 12:14:22 - Selected 'text/html' given [text/html, application/xhtml+xml, image/webp, image/apng, application/xml;q=0.9, application/signed-exchange;v=b3;q=0.9, */*;q=0.8]
2020-05-30 12:14:22 - Completed 200 OK
2020-05-30 12:14:22 - Completed 200 OK
2020-05-30 12:16:14 - HikariPool-4 - Retrograde clock change detected (housekeeper delta=29s361ms), soft-evicting connections from pool.
2020-05-30 12:40:13 - HikariPool-4 - Thread starvation or clock leap detected (housekeeper delta=1m28s476ms).
2020-05-30 13:13:38 - HikariPool-4 - Thread starvation or clock leap detected (housekeeper delta=32m54s993ms).
2020-05-30 14:39:08 - HikariPool-4 - Thread starvation or clock leap detected (housekeeper delta=1h1m29s642ms).
2020-05-30 16:25:51 - HikariPool-4 - Thread starvation or clock leap detected (housekeeper delta=1h46m42s665ms).
2020-05-30 16:30:43 - HikariPool-4 - Thread starvation or clock leap detected (housekeeper delta=2m52s95ms).
2020-05-30 16:53:38 - HikariPool-4 - Thread starvation or clock leap detected (housekeeper delta=21m24s144ms).
